# === CREDENTIAL-AWARE DRIFT DEMO DISPOSITIVE (Plan 02.2-12, Task 12.4) ===
# timestamp: 2026-05-10T03:39:00Z
# W-01 forensic snapshot: snapshots/drift-test-phase2.2-hotfix-2026-05-10/ (captured BEFORE drift)
#
# === DRIFT INDUCTION ===
# method: curl PUT /api/v3/downloadclient/1 with priority changed 1 → 5
# http_status: 202
# priority_before: 1 (ORIGINAL_PRIORITY, per snapshots/before-phase-2.2-hotfix-2026-05-09/sonarr/downloadclient.json)
# priority_drifted: 5
#
# === DRIFT SMOKE JOB ===
# job_name: arrconf-drift-smoke-20260510143726
# pod_name: arrconf-drift-smoke-20260510143726-knhqn
# job_status: succeeded=1 (Complete)
# job_started: 2026-05-10T03:37:34Z
# job_completed: ~2026-05-10T03:37:35Z
#
# === RAW DRIFT SMOKE POD LOG ===
{"id": 1, "event": "managed_tag_found", "level": "info", "timestamp": "2026-05-10T03:37:34.229388Z"}
{"action": "update", "name": "qBittorrent", "diff_fields": ["fields", "priority"], "event": "plan_action", "level": "info", "timestamp": "2026-05-10T03:37:34.233519Z"}
{"name": "username", "privacy": "userName", "event": "merge_field_omitted_credential", "level": "info", "timestamp": "2026-05-10T03:37:34.233648Z"}
{"name": "password", "privacy": "password", "event": "merge_field_omitted_credential", "level": "info", "timestamp": "2026-05-10T03:37:34.233686Z"}
{"path": "/downloadclient", "id": 1, "event": "put_force_save_used", "level": "info", "timestamp": "2026-05-10T03:37:34.233731Z"}
{"app": "sonarr", "actions": ["update:qBittorrent"], "event": "apply_complete", "level": "info", "timestamp": "2026-05-10T03:37:34.714437Z"}
#
# === DRIFT-DEMO + CREDENTIAL DISPOSITIVE COMPARISON (Phase 02.2 v0.1.5 — FULLY AUTOMATED) ===
# original_priority: 1
# drifted_priority: 5
# restored_priority: 1
# match (restored == original): YES
# manual_nudge_used: NO (fully automated — no operator intervention required)
# put_force_save_used events fired: 1
# plan_action update events: 1 (diff_fields: ["fields", "priority"])
# HTTP 400 events: 0
#
# merge_field_omitted_credential events count: 2 (username + password) — REQUIREMENT: >= 1 — PASSED
# merge_field_preserved for {password, username} events count: 0 — REQUIREMENT: == 0 — PASSED
# password_field_in_put_body: ABSENT (verified by merge_field_omitted_credential event count, NOT by Test API alone)
# sonarr_qbit_test_http_status (post-drift): 200 — REQUIREMENT: 200 — PASSED
# sonarr_qbit_test_isValid (post-drift): true — REQUIREMENT: true — PASSED
#
# === CONCLUSION ===
# REQ-drift-detection correction half CLEANLY CLOSED in BOTH halves:
#   HALF 1 — PRIORITY RESTORATION: automated reconcile reverts priority 5 → 1 (RESTORED == ORIGINAL)
#   HALF 2 — CREDENTIAL SURVIVAL: credentials NOT overwritten (merge_field_omitted_credential fired, no merge_field_preserved for creds)
#
# DIFFERENTIAL vs Plan 06 failed attempt:
#   Plan 06 claimed correction-half-closed but visual gate FAILED (Test button 401/403)
#   Plan 12 closes with Test API HTTP 200 + isValid:true AND merge_field_omitted_credential >= 1
#   The additional merge-event signal is the LOAD-BEARING improvement over Plan 06's scope
#
# DIFFERENTIAL vs Phase 2.1 (manual nudge, D-02.1-06):
#   Phase 2.1: manual_nudge_used: YES (operator had to add ?forceSave=true manually)
#   Phase 02.2 v0.1.5: manual_nudge_used: NO (AND credential survival confirmed — NEW signal)
#
# D-02.2-AUTH-REGRESSION required-action #4, #5, #6: ADDRESSED (see Plan 12 SUMMARY for formal close)
# D-02.1-06 architectural finding: LOCKED SHUT with credential-survival proof
