{"app": "sonarr", "resource": "tags", "source": "manual", "n": 3, "generated_skipped": 5, "event": "merge_decision", "level": "info", "timestamp": "2026-05-22T03:19:35.629186Z"}
{"app": "sonarr", "resource": "root_folders", "source": "manual", "n": 3, "generated_skipped": 5, "event": "merge_decision", "level": "info", "timestamp": "2026-05-22T03:19:35.629284Z"}
{"app": "sonarr", "resource": "download_clients", "source": "manual", "n": 3, "generated_skipped": 5, "event": "merge_decision", "level": "info", "timestamp": "2026-05-22T03:19:35.629332Z"}
{"app": "sonarr", "resource": "remote_path_mappings", "source": "manual", "n": 4, "generated_skipped": 5, "event": "merge_decision", "level": "info", "timestamp": "2026-05-22T03:19:35.629364Z"}
{"step": "managed_tag", "step_index": 1, "event": "step_begin", "level": "info", "timestamp": "2026-05-22T03:19:35.770460Z"}
{"id": 1, "event": "managed_tag_found", "level": "info", "timestamp": "2026-05-22T03:19:35.777244Z"}
{"step": "tags", "step_index": 2, "event": "step_begin", "level": "info", "timestamp": "2026-05-22T03:19:35.777296Z"}
{"name": "1-moi", "hint": "not in YAML, prune=False (default)", "event": "prune_skip", "level": "warning", "timestamp": "2026-05-22T03:19:35.779917Z"}
{"name": "arrconf-managed", "hint": "not in YAML, prune=False (default)", "event": "prune_skip", "level": "warning", "timestamp": "2026-05-22T03:19:35.779963Z"}
{"step": "indexers", "step_index": 3, "event": "step_begin", "level": "info", "timestamp": "2026-05-22T03:19:35.781935Z"}
{"name": "C411 (Prowlarr)", "hint": "not in YAML, prune=False (default)", "event": "prune_skip", "level": "warning", "timestamp": "2026-05-22T03:19:35.795216Z"}
{"name": "NorTorrent (Prowlarr)", "hint": "not in YAML, prune=False (default)", "event": "prune_skip", "level": "warning", "timestamp": "2026-05-22T03:19:35.795283Z"}
{"name": "Torr9 (Prowlarr)", "hint": "not in YAML, prune=False (default)", "event": "prune_skip", "level": "warning", "timestamp": "2026-05-22T03:19:35.795310Z"}
{"name": "Torrent9 (Prowlarr)", "hint": "not in YAML, prune=False (default)", "event": "prune_skip", "level": "warning", "timestamp": "2026-05-22T03:19:35.795330Z"}
{"name": "World-torrent (Prowlarr)", "hint": "not in YAML, prune=False (default)", "event": "prune_skip", "level": "warning", "timestamp": "2026-05-22T03:19:35.795345Z"}
{"name": "ZkTorrent (Prowlarr)", "hint": "not in YAML, prune=False (default)", "event": "prune_skip", "level": "warning", "timestamp": "2026-05-22T03:19:35.795359Z"}
{"step": "root_folders", "step_index": 4, "event": "step_begin", "level": "info", "timestamp": "2026-05-22T03:19:35.795455Z"}
{"step": "remote_path_mappings", "step_index": 5, "event": "step_begin", "level": "info", "timestamp": "2026-05-22T03:19:36.085504Z"}
{"step": "download_clients", "step_index": 6, "event": "step_begin", "level": "info", "timestamp": "2026-05-22T03:19:36.088060Z"}
{"name": "qBittorrent", "hint": "not in YAML, prune=False (default)", "event": "prune_skip", "level": "warning", "timestamp": "2026-05-22T03:19:36.093177Z"}
{"step": "notifications", "step_index": 7, "event": "step_begin", "level": "info", "timestamp": "2026-05-22T03:19:36.093239Z"}
{"name": "Emby / Jellyfin", "hint": "not in YAML, prune=False (default)", "event": "prune_skip", "level": "warning", "timestamp": "2026-05-22T03:19:36.097420Z"}
{"step": "host_config", "step_index": 8, "event": "step_begin", "level": "info", "timestamp": "2026-05-22T03:19:36.097475Z"}
{"event": "host_config_reconcile_skipped", "level": "info", "timestamp": "2026-05-22T03:19:36.097499Z"}
{"step": "series_tags", "step_index": 9, "event": "step_begin", "level": "info", "timestamp": "2026-05-22T03:19:36.097516Z"}
{"event": "series_tags_no_op", "level": "info", "timestamp": "2026-05-22T03:19:36.108265Z"}
{"step": "content_tags", "step_index": 10, "event": "step_begin", "level": "info", "timestamp": "2026-05-22T03:19:36.108342Z"}
{"rule_tag": "family", "event": "content_tags_rule_no_op", "level": "info", "timestamp": "2026-05-22T03:19:36.115558Z"}
{"rule_tag": "anime", "event": "content_tags_rule_no_op", "level": "info", "timestamp": "2026-05-22T03:19:36.115617Z"}
{"app": "sonarr", "count": 4, "event": "no-op", "level": "info", "timestamp": "2026-05-22T03:19:36.115708Z"}
{"app": "radarr", "resource": "tags", "source": "manual", "n": 3, "generated_skipped": 5, "event": "merge_decision", "level": "info", "timestamp": "2026-05-22T03:19:36.115922Z"}
{"app": "radarr", "resource": "root_folders", "source": "manual", "n": 3, "generated_skipped": 5, "event": "merge_decision", "level": "info", "timestamp": "2026-05-22T03:19:36.115956Z"}
{"app": "radarr", "resource": "download_clients", "source": "manual", "n": 3, "generated_skipped": 5, "event": "merge_decision", "level": "info", "timestamp": "2026-05-22T03:19:36.115979Z"}
{"app": "radarr", "resource": "remote_path_mappings", "source": "manual", "n": 4, "generated_skipped": 5, "event": "merge_decision", "level": "info", "timestamp": "2026-05-22T03:19:36.115999Z"}
{"step": "managed_tag", "step_index": 1, "event": "step_begin", "level": "info", "timestamp": "2026-05-22T03:19:36.141355Z"}
{"id": 1, "event": "managed_tag_found", "level": "info", "timestamp": "2026-05-22T03:19:36.148928Z"}
{"step": "tags", "step_index": 2, "event": "step_begin", "level": "info", "timestamp": "2026-05-22T03:19:36.148979Z"}
{"name": "arrconf-managed", "hint": "not in YAML, prune=False (default)", "event": "prune_skip", "level": "warning", "timestamp": "2026-05-22T03:19:36.151568Z"}
{"step": "indexers", "step_index": 3, "event": "step_begin", "level": "info", "timestamp": "2026-05-22T03:19:36.153639Z"}
{"name": "C411 (Prowlarr)", "hint": "not in YAML, prune=False (default)", "event": "prune_skip", "level": "warning", "timestamp": "2026-05-22T03:19:36.160733Z"}
{"name": "NorTorrent (Prowlarr)", "hint": "not in YAML, prune=False (default)", "event": "prune_skip", "level": "warning", "timestamp": "2026-05-22T03:19:36.160796Z"}
{"name": "Torr9 (Prowlarr)", "hint": "not in YAML, prune=False (default)", "event": "prune_skip", "level": "warning", "timestamp": "2026-05-22T03:19:36.160819Z"}
{"name": "Torrent9 (Prowlarr)", "hint": "not in YAML, prune=False (default)", "event": "prune_skip", "level": "warning", "timestamp": "2026-05-22T03:19:36.160835Z"}
{"name": "World-torrent (Prowlarr)", "hint": "not in YAML, prune=False (default)", "event": "prune_skip", "level": "warning", "timestamp": "2026-05-22T03:19:36.160851Z"}
{"name": "ZkTorrent (Prowlarr)", "hint": "not in YAML, prune=False (default)", "event": "prune_skip", "level": "warning", "timestamp": "2026-05-22T03:19:36.160868Z"}
{"step": "root_folders", "step_index": 4, "event": "step_begin", "level": "info", "timestamp": "2026-05-22T03:19:36.161035Z"}
{"step": "remote_path_mappings", "step_index": 5, "event": "step_begin", "level": "info", "timestamp": "2026-05-22T03:19:36.464749Z"}
{"step": "download_clients", "step_index": 6, "event": "step_begin", "level": "info", "timestamp": "2026-05-22T03:19:36.485394Z"}
{"name": "qBittorrent", "hint": "not in YAML, prune=False (default)", "event": "prune_skip", "level": "warning", "timestamp": "2026-05-22T03:19:36.514087Z"}
{"step": "notifications", "step_index": 7, "event": "step_begin", "level": "info", "timestamp": "2026-05-22T03:19:36.514155Z"}
{"name": "Emby / Jellyfin", "hint": "not in YAML, prune=False (default)", "event": "prune_skip", "level": "warning", "timestamp": "2026-05-22T03:19:36.523468Z"}
{"step": "host_config", "step_index": 8, "event": "step_begin", "level": "info", "timestamp": "2026-05-22T03:19:36.523543Z"}
{"event": "host_config_reconcile_skipped", "level": "info", "timestamp": "2026-05-22T03:19:36.523572Z"}
{"step": "movie_tags", "step_index": 9, "event": "step_begin", "level": "info", "timestamp": "2026-05-22T03:19:36.523590Z"}
{"event": "movie_tags_no_op", "level": "info", "timestamp": "2026-05-22T03:19:36.537254Z"}
{"step": "content_tags", "step_index": 10, "event": "step_begin", "level": "info", "timestamp": "2026-05-22T03:19:36.537339Z"}
{"rule_tag": "family", "event": "content_tags_rule_no_op", "level": "info", "timestamp": "2026-05-22T03:19:36.545641Z"}
{"app": "radarr", "count": 4, "event": "no-op", "level": "info", "timestamp": "2026-05-22T03:19:36.545827Z"}
{"action": "update", "name": "Sonarr", "diff_fields": ["fields"], "event": "plan_action", "level": "info", "timestamp": "2026-05-22T03:19:36.578598Z"}
{"action": "update", "name": "Radarr", "diff_fields": ["fields"], "event": "plan_action", "level": "info", "timestamp": "2026-05-22T03:19:36.578673Z"}
{"action": "update", "name": "Sonarr", "event": "dry_run_skip", "level": "info", "timestamp": "2026-05-22T03:19:36.578711Z"}
{"action": "update", "name": "Radarr", "event": "dry_run_skip", "level": "info", "timestamp": "2026-05-22T03:19:36.578733Z"}
{"app": "prowlarr", "count": 2, "event": "no-op", "level": "info", "timestamp": "2026-05-22T03:19:36.578789Z"}
{"app": "qbittorrent", "resource": "categories", "source": "manual", "n": 6, "generated_skipped": 10, "event": "merge_decision", "level": "info", "timestamp": "2026-05-22T03:19:36.580597Z"}
{"base_url": "http://localhost:8080", "event": "qbittorrent_login_ok", "level": "info", "timestamp": "2026-05-22T03:19:36.635330Z"}
{"name": "cleanuparr-unlinked", "hint": "not in YAML, prune=False (default)", "event": "prune_skip", "level": "warning", "timestamp": "2026-05-22T03:19:36.638549Z"}
{"name": "radarr", "hint": "not in YAML, prune=False (default)", "event": "prune_skip", "level": "warning", "timestamp": "2026-05-22T03:19:36.638598Z"}
{"name": "sonarr", "hint": "not in YAML, prune=False (default)", "event": "prune_skip", "level": "warning", "timestamp": "2026-05-22T03:19:36.638621Z"}
{"name": "sonarr-tv", "event": "category_no_op", "level": "info", "timestamp": "2026-05-22T03:19:36.638651Z"}
{"name": "sonarr-anime", "event": "category_no_op", "level": "info", "timestamp": "2026-05-22T03:19:36.638670Z"}
{"name": "sonarr-family", "event": "category_no_op", "level": "info", "timestamp": "2026-05-22T03:19:36.638685Z"}
{"name": "radarr-movies", "event": "category_no_op", "level": "info", "timestamp": "2026-05-22T03:19:36.638698Z"}
{"name": "radarr-anime", "event": "category_no_op", "level": "info", "timestamp": "2026-05-22T03:19:36.638712Z"}
{"name": "radarr-family", "event": "category_no_op", "level": "info", "timestamp": "2026-05-22T03:19:36.638724Z"}
{"resource": "qbit_category", "name": "cleanuparr-unlinked", "event": "prune_skip", "level": "info", "timestamp": "2026-05-22T03:19:36.638737Z"}
{"resource": "qbit_category", "name": "radarr", "event": "prune_skip", "level": "info", "timestamp": "2026-05-22T03:19:36.638752Z"}
{"resource": "qbit_category", "name": "sonarr", "event": "prune_skip", "level": "info", "timestamp": "2026-05-22T03:19:36.638765Z"}
{"event": "qbit_preferences_reconcile_skipped", "level": "info", "timestamp": "2026-05-22T03:19:36.638781Z"}
{"categories_planned": 9, "categories_applied": 0, "dry_run": true, "event": "qbittorrent_reconcile_complete", "level": "info", "timestamp": "2026-05-22T03:19:36.638796Z"}
{"app": "qbittorrent", "event": "no-op", "level": "info", "timestamp": "2026-05-22T03:19:36.638815Z"}
{"labels": ["series-zoe"], "hint": "Anime-profile category labels not yet present in Sonarr's tag list. They will be created on this reconcile run; rerun arrconf apply to populate Seerr.animeTags with the new IDs (D-02 transition step).", "event": "seerr_animetags_label_unresolved", "level": "warning", "timestamp": "2026-05-22T03:19:36.670004Z"}
{"app": "seerr", "resource": "animeTags", "source": "manual", "n": 1, "generated_skipped": 0, "event": "merge_decision", "level": "info", "timestamp": "2026-05-22T03:19:36.670063Z"}
{"step": "settings_sonarr", "step_index": 1, "event": "step_begin", "level": "info", "timestamp": "2026-05-22T03:19:36.695850Z"}
{"event": "settings_sonarr_no_op", "level": "info", "timestamp": "2026-05-22T03:19:36.701274Z"}
{"step": "settings_radarr", "step_index": 2, "event": "step_begin", "level": "info", "timestamp": "2026-05-22T03:19:36.701326Z"}
{"event": "settings_radarr_no_op", "level": "info", "timestamp": "2026-05-22T03:19:36.705485Z"}
{"step": "user", "step_index": 3, "event": "step_begin", "level": "info", "timestamp": "2026-05-22T03:19:36.705544Z"}
{"resource": "user", "id": 1, "event": "dry_run_skip", "level": "info", "timestamp": "2026-05-22T03:19:36.713638Z"}
{"step": "main_settings", "step_index": 4, "event": "step_begin", "level": "info", "timestamp": "2026-05-22T03:19:36.713701Z"}
{"event": "main_settings_no_op", "level": "info", "timestamp": "2026-05-22T03:19:36.717997Z"}
{"app": "seerr", "actions": ["user:dry_run:1"], "event": "apply_complete", "level": "info", "timestamp": "2026-05-22T03:19:36.718049Z"}
{"app": "jellyfin", "resource": "libraries", "source": "manual", "n": 2, "generated_skipped": 2, "event": "merge_decision", "level": "info", "timestamp": "2026-05-22T03:19:36.718101Z"}
{"step": "libraries", "step_index": 1, "event": "step_begin", "level": "info", "timestamp": "2026-05-22T03:19:36.743582Z"}
{"name": "S\u00e9ries", "path": "/media/series", "event": "library_path_already_present", "level": "info", "timestamp": "2026-05-22T03:19:36.883618Z"}
{"name": "S\u00e9ries", "path": "/media/anime", "event": "library_path_already_present", "level": "info", "timestamp": "2026-05-22T03:19:36.883671Z"}
{"name": "S\u00e9ries", "path": "/media/family", "event": "library_path_already_present", "level": "info", "timestamp": "2026-05-22T03:19:36.883693Z"}
{"name": "Films", "path": "/media/films", "event": "library_path_already_present", "level": "info", "timestamp": "2026-05-22T03:19:36.883715Z"}
{"name": "Films", "path": "/media/films-anime", "event": "library_path_already_present", "level": "info", "timestamp": "2026-05-22T03:19:36.883732Z"}
{"name": "Films", "path": "/media/films-family", "event": "library_path_already_present", "level": "info", "timestamp": "2026-05-22T03:19:36.883746Z"}
{"step": "users", "step_index": 2, "event": "step_begin", "level": "info", "timestamp": "2026-05-22T03:19:36.883770Z"}
{"resource": "user_policy", "user_id": "82fd95db72904569b08d83271823ceaa", "event": "dry_run_skip", "level": "info", "timestamp": "2026-05-22T03:19:36.890454Z"}
{"step": "server_config", "step_index": 3, "event": "step_begin", "level": "info", "timestamp": "2026-05-22T03:19:36.890517Z"}
{"event": "server_config_no_op", "level": "info", "timestamp": "2026-05-22T03:19:36.892847Z"}
{"step": "plugins", "step_index": 4, "event": "step_begin", "level": "info", "timestamp": "2026-05-22T03:19:36.892913Z"}
{"name": "TMDb", "status": "Active", "event": "plugin_already_active", "level": "info", "timestamp": "2026-05-22T03:19:36.895754Z"}
{"name": "OMDb", "status": "Active", "event": "plugin_already_active", "level": "info", "timestamp": "2026-05-22T03:19:36.895810Z"}
{"name": "MusicBrainz", "status": "Active", "event": "plugin_already_active", "level": "info", "timestamp": "2026-05-22T03:19:36.895835Z"}
{"name": "AudioDB", "status": "Active", "event": "plugin_already_active", "level": "info", "timestamp": "2026-05-22T03:19:36.895854Z"}
{"name": "Studio Images", "status": "Active", "event": "plugin_already_active", "level": "info", "timestamp": "2026-05-22T03:19:36.895870Z"}
{"name": "Kodi Sync Queue", "status": "Active", "event": "plugin_already_active", "level": "info", "timestamp": "2026-05-22T03:19:36.895885Z"}
{"app": "jellyfin", "actions": ["user_policy:dry_run:82fd95db72904569b08d83271823ceaa"], "event": "apply_complete", "level": "info", "timestamp": "2026-05-22T03:19:36.895907Z"}
